<?xml version="1.0" encoding="UTF-8"?>
<testng-results ignored="0" total="1" passed="1" failed="0" skipped="0">
  <reporter-output>
  </reporter-output>
  <suite started-at="2025-07-15T14:34:18 IST" name="Default suite" finished-at="2025-07-15T14:34:19 IST" duration-ms="1100">
    <groups>
    </groups>
    <test started-at="2025-07-15T14:34:18 IST" name="Default test" finished-at="2025-07-15T14:34:19 IST" duration-ms="1100">
      <class name="tests.Serialization">
        <test-method signature="serialization()[pri:0, instance:tests.Serialization@6379eb]" started-at="2025-07-15T14:34:18 IST" name="serialization" finished-at="2025-07-15T14:34:19 IST" duration-ms="1088" status="PASS">
          <reporter-output>
          </reporter-output>
        </test-method> <!-- serialization -->
      </class> <!-- tests.Serialization -->
    </test> <!-- Default test -->
  </suite> <!-- Default suite -->
</testng-results>
